2016/02/04 10:24:22 AM	This log contains information about the import schema operation into project 'Database1' on computer 'DVT-RCSIDIDZHA' by user 'CSididzha'.
2016/02/04 10:24:23 AM	Import of database schema has started.
2016/02/04 10:24:27 AM	Gathering database options
2016/02/04 10:24:27 AM	Gathering users
2016/02/04 10:24:27 AM	Gathering roles
2016/02/04 10:24:27 AM	Gathering application roles
2016/02/04 10:24:27 AM	Gathering role memberships
2016/02/04 10:24:27 AM	Gathering filegroups
2016/02/04 10:24:27 AM	Gathering full-text catalogs
2016/02/04 10:24:27 AM	Gathering assemblies
2016/02/04 10:24:27 AM	Gathering certificates
2016/02/04 10:24:27 AM	Gathering asymmetric keys
2016/02/04 10:24:27 AM	Gathering symmetric keys
2016/02/04 10:24:27 AM	Gathering encrypted symmetric keys
2016/02/04 10:24:27 AM	Gathering schemas
2016/02/04 10:24:27 AM	Gathering XML schema collections
2016/02/04 10:24:27 AM	Gathering user-defined data types
2016/02/04 10:24:27 AM	Gathering user-defined types
2016/02/04 10:24:27 AM	Gathering table types
2016/02/04 10:24:27 AM	Gathering unique keys for table types
2016/02/04 10:24:27 AM	Gathering primary keys for table types
2016/02/04 10:24:27 AM	Gathering check constraints for table types
2016/02/04 10:24:27 AM	Gathering default constraints for table types
2016/02/04 10:24:27 AM	Gathering partition functions
2016/02/04 10:24:27 AM	Gathering partition schemes
2016/02/04 10:24:27 AM	Gathering functions
2016/02/04 10:24:27 AM	Gathering encrypted functions
2016/02/04 10:24:27 AM	Gathering aggregates
2016/02/04 10:24:27 AM	Gathering procedures
2016/02/04 10:24:27 AM	Gathering encrypted procedures
2016/02/04 10:24:27 AM	Gathering tables
2016/02/04 10:24:27 AM	Gathering primary keys
2016/02/04 10:24:27 AM	Gathering unique constraints
2016/02/04 10:24:27 AM	Gathering foreign keys
2016/02/04 10:24:27 AM	Gathering default constraints
2016/02/04 10:24:27 AM	Gathering check constraints
2016/02/04 10:24:27 AM	Gathering views
2016/02/04 10:24:27 AM	Gathering encrypted views
2016/02/04 10:24:27 AM	Gathering indexes
2016/02/04 10:24:27 AM	Gathering statistics
2016/02/04 10:24:27 AM	Gathering full-text index stoplists
2016/02/04 10:24:27 AM	Gathering search property lists
2016/02/04 10:24:27 AM	Gathering search properties
2016/02/04 10:24:27 AM	Gathering full-text indexes
2016/02/04 10:24:27 AM	Gathering column store indexes
2016/02/04 10:24:27 AM	Gathering spatial indexes
2016/02/04 10:24:27 AM	Gathering XML indexes
2016/02/04 10:24:27 AM	Gathering Selective XML indexes
2016/02/04 10:24:27 AM	Gathering encrypted triggers
2016/02/04 10:24:27 AM	Gathering triggers
2016/02/04 10:24:27 AM	Gathering encrypted and clr ddl triggers
2016/02/04 10:24:27 AM	Gathering ddl triggers
2016/02/04 10:24:27 AM	Gathering synonyms
2016/02/04 10:24:27 AM	Gathering defaults
2016/02/04 10:24:27 AM	Gathering data constraint uddt bindings
2016/02/04 10:24:27 AM	Gathering rules
2016/02/04 10:24:27 AM	Gathering data constraint uddt bindings
2016/02/04 10:24:27 AM	Gathering message types
2016/02/04 10:24:27 AM	Gathering queues
2016/02/04 10:24:27 AM	Gathering contracts
2016/02/04 10:24:27 AM	Gathering services
2016/02/04 10:24:27 AM	Gathering event notifications
2016/02/04 10:24:27 AM	Gathering remote service bindings
2016/02/04 10:24:27 AM	Gathering broker priorities
2016/02/04 10:24:27 AM	Gathering signatures
2016/02/04 10:24:27 AM	Gathering data compression options
2016/02/04 10:24:27 AM	Gathering sequence types
2016/02/04 10:24:27 AM	Gathering extended properties
2016/02/04 10:24:27 AM	Gathering credentials
2016/02/04 10:24:27 AM	Gathering logins
2016/02/04 10:24:27 AM	Gathering server audits
2016/02/04 10:24:29 AM	Scanning project for duplicate elements
2016/02/04 10:24:30 AM	Finished duplicate element processing
2016/02/04 10:24:30 AM	Finished importing database.
2016/02/04 10:24:30 AM	A summary of the import was saved to the following location: C:\Users\CSididzha\Desktop\485\Wpf_Admin\Wpf_Admin\Database1\Import Schema Logs\Database1_20160204082422.log
2016/02/04 10:24:30 AM	Click Finish to continue...
